<html>
<head>
<title>TestNG:  Test</title>
<link href="../testng.css" rel="stylesheet" type="text/css" />
<link href="../my-testng.css" rel="stylesheet" type="text/css" />

<style type="text/css">
.log { display: none;} 
.stack-trace { display: none;} 
</style>
<script type="text/javascript">
<!--
function flip(e) {
  current = e.style.display;
  if (current == 'block') {
    e.style.display = 'none';
    return 0;
  }
  else {
    e.style.display = 'block';
    return 1;
  }
}

function toggleBox(szDivId, elem, msg1, msg2)
{
  var res = -1;  if (document.getElementById) {
    res = flip(document.getElementById(szDivId));
  }
  else if (document.all) {
    // this is the way old msie versions work
    res = flip(document.all[szDivId]);
  }
  if(elem) {
    if(res == 0) elem.innerHTML = msg1; else elem.innerHTML = msg2;
  }

}

function toggleAllBoxes() {
  if (document.getElementsByTagName) {
    d = document.getElementsByTagName('div');
    for (i = 0; i < d.length; i++) {
      if (d[i].className == 'log') {
        flip(d[i]);
      }
    }
  }
}

// -->
</script>

</head>
<body>
<h2 align='center'>Test</h2><table border='1' align="center">
<tr>
<td>Tests passed/Failed/Skipped:</td><td>29/0/1</td>
</tr><tr>
<td>Started on:</td><td>Mon Feb 13 12:21:58 IST 2023</td>
</tr>
<tr><td>Total time:</td><td>534 seconds (534923 ms)</td>
</tr><tr>
<td>Included groups:</td><td></td>
</tr><tr>
<td>Excluded groups:</td><td></td>
</tr>
</table><p/>
<small><i>(Hover the method name to see the test class name)</i></small><p/>
<table width='100%' border='1' class='invocation-failed'>
<tr><td colspan='4' align='center'><b>FAILED CONFIGURATIONS</b></td></tr>
<tr><td><b>Test method</b></td>
<td><b>Attribute(s)</b></td>
<td width="30%"><b>Exception</b></td>
<td width="10%"><b>Time (seconds)</b></td>
<td><b>Instance</b></td>
</tr>
<tr>
<td title='com.TestCases.PIMAddEmployeeTest.homePimPage_SetUp()'><b>homePimPage_SetUp</b><br>Test class: com.TestCases.PIMAddEmployeeTest</td>
<td><div><pre>org.openqa.selenium.TimeoutException: timeout: Timed out receiving message from renderer: 29.126
  (Session info: chrome=109.0.5414.120)
Build info: version: &apos;3.141.59&apos;, revision: &apos;e82be7d358&apos;, time: &apos;2018-11-14T08:17:03&apos;
System info: host: &apos;DESKTOP-F55OVVE&apos;, ip: &apos;192.168.221.9&apos;, os.name: &apos;Windows 10&apos;, os.arch: &apos;amd64&apos;, os.version: &apos;10.0&apos;, java.version: &apos;17.0.6&apos;
Driver info: org.openqa.selenium.chrome.ChromeDriver
Capabilities {acceptInsecureCerts: false, browserName: chrome, browserVersion: 109.0.5414.120, chrome: {chromedriverVersion: 109.0.5414.74 (e7c5703604da..., userDataDir: C:\Users\lenovo\AppData\Loc...}, goog:chromeOptions: {debuggerAddress: localhost:49531}, javascriptEnabled: true, networkConnectionEnabled: false, pageLoadStrategy: normal, platform: WINDOWS, platformName: WINDOWS, proxy: Proxy(), setWindowRect: true, strictFileInteractability: false, timeouts: {implicit: 0, pageLoad: 300000, script: 30000}, unhandledPromptBehavior: dismiss and notify, webauthn:extension:credBlob: true, webauthn:extension:largeBlob: true, webauthn:virtualAuthenticators: true}
Session ID: 7a579a18d8ff2384b11c029e7cbbd383
	at org.openqa.selenium.remote.http.W3CHttpResponseCodec.createException(W3CHttpResponseCodec.java:187)
	at org.openqa.selenium.remote.http.W3CHttpResponseCodec.decode(W3CHttpResponseCodec.java:122)
	at org.openqa.selenium.remote.http.W3CHttpResponseCodec.decode(W3CHttpResponseCodec.java:49)
	at org.openqa.selenium.remote.HttpCommandExecutor.execute(HttpCommandExecutor.java:158)
	at org.openqa.selenium.remote.service.DriverCommandExecutor.execute(DriverCommandExecutor.java:83)
	at org.openqa.selenium.remote.RemoteWebDriver.execute(RemoteWebDriver.java:552)
	at org.openqa.selenium.remote.RemoteWebDriver.get(RemoteWebDriver.java:277)
	at com.BaseClass.Base.setUp(Base.java:64)
	at com.TestCases.PIMAddEmployeeTest.homePimPage_SetUp(PIMAddEmployeeTest.java:35)
	at java.base/java.util.ArrayList.forEach(ArrayList.java:1511)
... Removed 36 stack frames</pre></div><a href='#' onClick='toggleBox("stack-trace1838225797", this, "Click to show all stack frames", "Click to hide stack frames")'>Click to show all stack frames</a>
<div class='stack-trace' id='stack-trace1838225797'><pre>org.openqa.selenium.TimeoutException: timeout: Timed out receiving message from renderer: 29.126
  (Session info: chrome=109.0.5414.120)
Build info: version: &apos;3.141.59&apos;, revision: &apos;e82be7d358&apos;, time: &apos;2018-11-14T08:17:03&apos;
System info: host: &apos;DESKTOP-F55OVVE&apos;, ip: &apos;192.168.221.9&apos;, os.name: &apos;Windows 10&apos;, os.arch: &apos;amd64&apos;, os.version: &apos;10.0&apos;, java.version: &apos;17.0.6&apos;
Driver info: org.openqa.selenium.chrome.ChromeDriver
Capabilities {acceptInsecureCerts: false, browserName: chrome, browserVersion: 109.0.5414.120, chrome: {chromedriverVersion: 109.0.5414.74 (e7c5703604da..., userDataDir: C:\Users\lenovo\AppData\Loc...}, goog:chromeOptions: {debuggerAddress: localhost:49531}, javascriptEnabled: true, networkConnectionEnabled: false, pageLoadStrategy: normal, platform: WINDOWS, platformName: WINDOWS, proxy: Proxy(), setWindowRect: true, strictFileInteractability: false, timeouts: {implicit: 0, pageLoad: 300000, script: 30000}, unhandledPromptBehavior: dismiss and notify, webauthn:extension:credBlob: true, webauthn:extension:largeBlob: true, webauthn:virtualAuthenticators: true}
Session ID: 7a579a18d8ff2384b11c029e7cbbd383
	at java.base/jdk.internal.reflect.NativeConstructorAccessorImpl.newInstance0(Native Method)
	at java.base/jdk.internal.reflect.NativeConstructorAccessorImpl.newInstance(NativeConstructorAccessorImpl.java:77)
	at java.base/jdk.internal.reflect.DelegatingConstructorAccessorImpl.newInstance(DelegatingConstructorAccessorImpl.java:45)
	at java.base/java.lang.reflect.Constructor.newInstanceWithCaller(Constructor.java:499)
	at java.base/java.lang.reflect.Constructor.newInstance(Constructor.java:480)
	at org.openqa.selenium.remote.http.W3CHttpResponseCodec.createException(W3CHttpResponseCodec.java:187)
	at org.openqa.selenium.remote.http.W3CHttpResponseCodec.decode(W3CHttpResponseCodec.java:122)
	at org.openqa.selenium.remote.http.W3CHttpResponseCodec.decode(W3CHttpResponseCodec.java:49)
	at org.openqa.selenium.remote.HttpCommandExecutor.execute(HttpCommandExecutor.java:158)
	at org.openqa.selenium.remote.service.DriverCommandExecutor.execute(DriverCommandExecutor.java:83)
	at org.openqa.selenium.remote.RemoteWebDriver.execute(RemoteWebDriver.java:552)
	at org.openqa.selenium.remote.RemoteWebDriver.get(RemoteWebDriver.java:277)
	at com.BaseClass.Base.setUp(Base.java:64)
	at com.TestCases.PIMAddEmployeeTest.homePimPage_SetUp(PIMAddEmployeeTest.java:35)
	at java.base/jdk.internal.reflect.NativeMethodAccessorImpl.invoke0(Native Method)
	at java.base/jdk.internal.reflect.NativeMethodAccessorImpl.invoke(NativeMethodAccessorImpl.java:77)
	at java.base/jdk.internal.reflect.DelegatingMethodAccessorImpl.invoke(DelegatingMethodAccessorImpl.java:43)
	at java.base/java.lang.reflect.Method.invoke(Method.java:568)
	at org.testng.internal.invokers.MethodInvocationHelper.invokeMethod(MethodInvocationHelper.java:139)
	at org.testng.internal.invokers.MethodInvocationHelper.invokeMethodConsideringTimeout(MethodInvocationHelper.java:69)
	at org.testng.internal.invokers.ConfigInvoker.invokeConfigurationMethod(ConfigInvoker.java:361)
	at org.testng.internal.invokers.ConfigInvoker.invokeConfigurations(ConfigInvoker.java:296)
	at org.testng.internal.invokers.TestInvoker.runConfigMethods(TestInvoker.java:816)
	at org.testng.internal.invokers.TestInvoker.invokeMethod(TestInvoker.java:590)
	at org.testng.internal.invokers.TestInvoker.invokeTestMethod(TestInvoker.java:221)
	at org.testng.internal.invokers.MethodRunner.runInSequence(MethodRunner.java:50)
	at org.testng.internal.invokers.TestInvoker$MethodInvocationAgent.invoke(TestInvoker.java:962)
	at org.testng.internal.invokers.TestInvoker.invokeTestMethods(TestInvoker.java:194)
	at org.testng.internal.invokers.TestMethodWorker.invokeTestMethods(TestMethodWorker.java:148)
	at org.testng.internal.invokers.TestMethodWorker.run(TestMethodWorker.java:128)
	at java.base/java.util.ArrayList.forEach(ArrayList.java:1511)
	at org.testng.TestRunner.privateRun(TestRunner.java:806)
	at org.testng.TestRunner.run(TestRunner.java:601)
	at org.testng.SuiteRunner.runTest(SuiteRunner.java:433)
	at org.testng.SuiteRunner.runSequentially(SuiteRunner.java:427)
	at org.testng.SuiteRunner.privateRun(SuiteRunner.java:387)
	at org.testng.SuiteRunner.run(SuiteRunner.java:330)
	at org.testng.SuiteRunnerWorker.runSuite(SuiteRunnerWorker.java:52)
	at org.testng.SuiteRunnerWorker.run(SuiteRunnerWorker.java:95)
	at org.testng.TestNG.runSuitesSequentially(TestNG.java:1256)
	at org.testng.TestNG.runSuitesLocally(TestNG.java:1176)
	at org.testng.TestNG.runSuites(TestNG.java:1099)
	at org.testng.TestNG.run(TestNG.java:1067)
	at org.testng.remote.AbstractRemoteTestNG.run(AbstractRemoteTestNG.java:115)
	at org.testng.remote.RemoteTestNG.initAndRun(RemoteTestNG.java:251)
	at org.testng.remote.RemoteTestNG.main(RemoteTestNG.java:77)
</pre></div></td>
<td>32</td>
<td>com.TestCases.PIMAddEmployeeTest@55a147cc</td></tr>
</table><p>
<table width='100%' border='1' class='invocation-skipped'>
<tr><td colspan='4' align='center'><b>SKIPPED CONFIGURATIONS</b></td></tr>
<tr><td><b>Test method</b></td>
<td><b>Attribute(s)</b></td>
<td width="30%"><b>Exception</b></td>
<td width="10%"><b>Time (seconds)</b></td>
<td><b>Instance</b></td>
</tr>
<tr>
<td title='com.TestCases.PIMAddEmployeeTest.homePimPage_TearDown()'><b>homePimPage_TearDown</b><br>Test class: com.TestCases.PIMAddEmployeeTest</td>
<td></td>
<td>0</td>
<td>com.TestCases.PIMAddEmployeeTest@55a147cc</td></tr>
</table><p>
<table width='100%' border='1' class='invocation-passed'>
<tr><td colspan='4' align='center'><b>PASSED TESTS</b></td></tr>
<tr><td><b>Test method</b></td>
<td><b>Attribute(s)</b></td>
<td width="30%"><b>Exception</b></td>
<td width="10%"><b>Time (seconds)</b></td>
<td><b>Instance</b></td>
</tr>
<tr>
<td title='com.TestCases.LoginPageTest.loginPage_OrangeHRMLogoTest()'><b>loginPage_OrangeHRMLogoTest</b><br>Test class: com.TestCases.LoginPageTest<br>Test method: LoginPage OrangeHRM Logo Image on Top</td>
<td></td>
<td>0</td>
<td>com.TestCases.LoginPageTest@229c6181</td></tr>
<tr>
<td title='com.TestCases.ResetPasswordTest.resetPasswordPage_ResetPasswordTextTest()'><b>resetPasswordPage_ResetPasswordTextTest</b><br>Test class: com.TestCases.ResetPasswordTest<br>Test method: ResetPasswordPage ResetPassword Text Test </td>
<td></td>
<td>0</td>
<td>com.TestCases.ResetPasswordTest@45099dd3</td></tr>
<tr>
<td title='com.TestCases.LoginPageTest.loginPage_LoginTest()'><b>loginPage_LoginTest</b><br>Test class: com.TestCases.LoginPageTest<br>Test method: LoginPage login Test</td>
<td></td>
<td>6</td>
<td>com.TestCases.LoginPageTest@229c6181</td></tr>
<tr>
<td title='com.TestCases.HomePIMPageTest.pimReports_Test()'><b>pimReports_Test</b><br>Test class: com.TestCases.HomePIMPageTest<br>Test method: HomePimPage pimReports Validation Test</td>
<td></td>
<td>0</td>
<td>com.TestCases.HomePIMPageTest@6574a52c</td></tr>
<tr>
<td title='com.TestCases.ResetPasswordTest.resetPasswordPage_CurrentUrlTest()'><b>resetPasswordPage_CurrentUrlTest</b><br>Test class: com.TestCases.ResetPasswordTest<br>Test method: ResetPasswordPage CurrentUrl</td>
<td></td>
<td>0</td>
<td>com.TestCases.ResetPasswordTest@45099dd3</td></tr>
<tr>
<td title='com.TestCases.ResetPasswordTest.resetPasswordPage_EnterUserName_CancelTest()'><b>resetPasswordPage_EnterUserName_CancelTest</b><br>Test class: com.TestCases.ResetPasswordTest<br>Test method: ResetPasswordPage CancelButton Test</td>
<td></td>
<td>2</td>
<td>com.TestCases.ResetPasswordTest@45099dd3</td></tr>
<tr>
<td title='com.TestCases.HomePageTest.homePage_DashboardValidationTest()'><b>homePage_DashboardValidationTest</b><br>Test class: com.TestCases.HomePageTest<br>Test method: HomePage Dashboard Element Validation Test</td>
<td></td>
<td>3</td>
<td>com.TestCases.HomePageTest@1ffaf86</td></tr>
<tr>
<td title='com.TestCases.HomePageTest.homePage_MenuSearchEngineActive_ValidationTest()'><b>homePage_MenuSearchEngineActive_ValidationTest</b><br>Test class: com.TestCases.HomePageTest<br>Test method: homePage_MenuSearchEngineActive_Validation Test</td>
<td></td>
<td>4</td>
<td>com.TestCases.HomePageTest@1ffaf86</td></tr>
<tr>
<td title='com.TestCases.HomePIMPageTest.pimPage_CurrentURL_Test()'><b>pimPage_CurrentURL_Test</b><br>Test class: com.TestCases.HomePIMPageTest<br>Test method: HomePIMPage Current Url Validation</td>
<td></td>
<td>0</td>
<td>com.TestCases.HomePIMPageTest@6574a52c</td></tr>
<tr>
<td title='com.TestCases.HomePIMPageTest.pimConfigurationOptionalFields_Test()'><b>pimConfigurationOptionalFields_Test</b><br>Test class: com.TestCases.HomePIMPageTest<br>Test method: HomePimPage ConfigurationOptionalFields Validation Test</td>
<td></td>
<td>2</td>
<td>com.TestCases.HomePIMPageTest@6574a52c</td></tr>
<tr>
<td title='com.TestCases.HomePageTest.homePage_Admin_ValidationTest()'><b>homePage_Admin_ValidationTest</b><br>Test class: com.TestCases.HomePageTest<br>Test method: HomePage Admin Element Validation Test</td>
<td></td>
<td>3</td>
<td>com.TestCases.HomePageTest@1ffaf86</td></tr>
<tr>
<td title='com.TestCases.LoginPageTest.loginPage_Title_Test()'><b>loginPage_Title_Test</b><br>Test class: com.TestCases.LoginPageTest<br>Test method: LoginPage title validation</td>
<td></td>
<td>0</td>
<td>com.TestCases.LoginPageTest@229c6181</td></tr>
<tr>
<td title='com.TestCases.HomePageTest.homePage_PIM_ValidationTest()'><b>homePage_PIM_ValidationTest</b><br>Test class: com.TestCases.HomePageTest<br>Test method: HomePage PIM Element Validation Test</td>
<td></td>
<td>3</td>
<td>com.TestCases.HomePageTest@1ffaf86</td></tr>
<tr>
<td title='com.TestCases.HomePageTest.homePage_LoggedInUserName_ValidationTest()'><b>homePage_LoggedInUserName_ValidationTest</b><br>Test class: com.TestCases.HomePageTest<br>Test method: HomePage Logged In UserName Validation</td>
<td></td>
<td>2</td>
<td>com.TestCases.HomePageTest@1ffaf86</td></tr>
<tr>
<td title='com.TestCases.SendPasswordResetPageTest.sendPasswordRestTest()'><b>sendPasswordRestTest</b><br>Test class: com.TestCases.SendPasswordResetPageTest<br>Test method: SendPasswordRestPage Text Validation</td>
<td></td>
<td>2</td>
<td>com.TestCases.SendPasswordResetPageTest@13e344d</td></tr>
<tr>
<td title='com.TestCases.HomePIMPageTest.pimPage_Label_Test()'><b>pimPage_Label_Test</b><br>Test class: com.TestCases.HomePIMPageTest<br>Test method: HomePimPage pimPage_Label Validation</td>
<td></td>
<td>0</td>
<td>com.TestCases.HomePIMPageTest@6574a52c</td></tr>
<tr>
<td title='com.TestCases.HomePIMPageTest.pimAddEmployeeList_Test()'><b>pimAddEmployeeList_Test</b><br>Test class: com.TestCases.HomePIMPageTest<br>Test method: HomePimPage pimAddEmployee Validation Test</td>
<td></td>
<td>1</td>
<td>com.TestCases.HomePIMPageTest@6574a52c</td></tr>
<tr>
<td title='com.TestCases.LoginPageTest.loginPage_loginLabelText_Test()'><b>loginPage_loginLabelText_Test</b><br>Test class: com.TestCases.LoginPageTest<br>Test method: LoginPage LoginLabelText Validation</td>
<td></td>
<td>2</td>
<td>com.TestCases.LoginPageTest@229c6181</td></tr>
<tr>
<td title='com.TestCases.HomePIMPageTest.pimEmployeeList_Test()'><b>pimEmployeeList_Test</b><br>Test class: com.TestCases.HomePIMPageTest<br>Test method: HomePimPage pimEmployeeList Validation Test</td>
<td></td>
<td>1</td>
<td>com.TestCases.HomePIMPageTest@6574a52c</td></tr>
<tr>
<td title='com.TestCases.HomePageTest.homePage_UserDropDownSupport_ValidationTest()'><b>homePage_UserDropDownSupport_ValidationTest</b><br>Test class: com.TestCases.HomePageTest<br>Test method: HomePage UserDropDown Support Mail Validation</td>
<td></td>
<td>4</td>
<td>com.TestCases.HomePageTest@1ffaf86</td></tr>
<tr>
<td title='com.TestCases.HomePageTest.homePage_UserDropDownAbout_ValidationTest()'><b>homePage_UserDropDownAbout_ValidationTest</b><br>Test class: com.TestCases.HomePageTest<br>Test method: HomePage UserDropDown About Text Validation</td>
<td></td>
<td>2</td>
<td>com.TestCases.HomePageTest@1ffaf86</td></tr>
<tr>
<td title='com.TestCases.HomePageTest.homePage_CurrentActivePage_ValidationTest()'><b>homePage_CurrentActivePage_ValidationTest</b><br>Test class: com.TestCases.HomePageTest<br>Test method: HomePage Current Active Page text Validation</td>
<td></td>
<td>2</td>
<td>com.TestCases.HomePageTest@1ffaf86</td></tr>
<tr>
<td title='com.TestCases.SendPasswordResetPageTest.sendPasswordResetPageCurrentUrlTest()'><b>sendPasswordResetPageCurrentUrlTest</b><br>Test class: com.TestCases.SendPasswordResetPageTest<br>Test method: SendPasswordResetPage Current Url validation</td>
<td></td>
<td>1</td>
<td>com.TestCases.SendPasswordResetPageTest@13e344d</td></tr>
<tr>
<td title='com.TestCases.HomePageTest.homePage_Leave_ValidationTest()'><b>homePage_Leave_ValidationTest</b><br>Test class: com.TestCases.HomePageTest<br>Test method: HomePage Leave Element Validation Test</td>
<td></td>
<td>2</td>
<td>com.TestCases.HomePageTest@1ffaf86</td></tr>
<tr>
<td title='com.TestCases.LoginPageTest.loginPage_CurrentUrl_Test()'><b>loginPage_CurrentUrl_Test</b><br>Test class: com.TestCases.LoginPageTest<br>Test method: Loginpage CurrentUrl Validation</td>
<td></td>
<td>0</td>
<td>com.TestCases.LoginPageTest@229c6181</td></tr>
<tr>
<td title='com.TestCases.HomePageTest.homePage_OrangeHRMLogo_ValidationTest()'><b>homePage_OrangeHRMLogo_ValidationTest</b><br>Test class: com.TestCases.HomePageTest<br>Test method: HomePage OrangeHRM Logo Validation Test</td>
<td></td>
<td>2</td>
<td>com.TestCases.HomePageTest@1ffaf86</td></tr>
<tr>
<td title='com.TestCases.HomePageTest.homePage_CurrentUrl_ValidationTest()'><b>homePage_CurrentUrl_ValidationTest</b><br>Test class: com.TestCases.HomePageTest<br>Test method: HomePage Current Url Test</td>
<td></td>
<td>0</td>
<td>com.TestCases.HomePageTest@1ffaf86</td></tr>
<tr>
<td title='com.TestCases.ResetPasswordTest.resetPasswordPage_EnterUserName_ResetPasswordTest()'><b>resetPasswordPage_EnterUserName_ResetPasswordTest</b><br>Test class: com.TestCases.ResetPasswordTest<br>Test method: ResetPasswordPage ResetPassword Button Test</td>
<td></td>
<td>0</td>
<td>com.TestCases.ResetPasswordTest@45099dd3</td></tr>
<tr>
<td title='com.TestCases.HomePageTest.homePage_UserProfilePhoto_ValidationTest()'><b>homePage_UserProfilePhoto_ValidationTest</b><br>Test class: com.TestCases.HomePageTest<br>Test method: HomePage UserProfilePhoto Validation</td>
<td></td>
<td>4</td>
<td>com.TestCases.HomePageTest@1ffaf86</td></tr>
</table><p>
<table width='100%' border='1' class='invocation-skipped'>
<tr><td colspan='4' align='center'><b>SKIPPED TESTS</b></td></tr>
<tr><td><b>Test method</b></td>
<td><b>Attribute(s)</b></td>
<td width="30%"><b>Exception</b></td>
<td width="10%"><b>Time (seconds)</b></td>
<td><b>Instance</b></td>
</tr>
<tr>
<td title='com.TestCases.PIMAddEmployeeTest.addEmployee_CreateEmployee_Test()'><b>addEmployee_CreateEmployee_Test</b><br>Test class: com.TestCases.PIMAddEmployeeTest</td>
<td><div><pre>org.openqa.selenium.TimeoutException: timeout: Timed out receiving message from renderer: 29.126
  (Session info: chrome=109.0.5414.120)
Build info: version: &apos;3.141.59&apos;, revision: &apos;e82be7d358&apos;, time: &apos;2018-11-14T08:17:03&apos;
System info: host: &apos;DESKTOP-F55OVVE&apos;, ip: &apos;192.168.221.9&apos;, os.name: &apos;Windows 10&apos;, os.arch: &apos;amd64&apos;, os.version: &apos;10.0&apos;, java.version: &apos;17.0.6&apos;
Driver info: org.openqa.selenium.chrome.ChromeDriver
Capabilities {acceptInsecureCerts: false, browserName: chrome, browserVersion: 109.0.5414.120, chrome: {chromedriverVersion: 109.0.5414.74 (e7c5703604da..., userDataDir: C:\Users\lenovo\AppData\Loc...}, goog:chromeOptions: {debuggerAddress: localhost:49531}, javascriptEnabled: true, networkConnectionEnabled: false, pageLoadStrategy: normal, platform: WINDOWS, platformName: WINDOWS, proxy: Proxy(), setWindowRect: true, strictFileInteractability: false, timeouts: {implicit: 0, pageLoad: 300000, script: 30000}, unhandledPromptBehavior: dismiss and notify, webauthn:extension:credBlob: true, webauthn:extension:largeBlob: true, webauthn:virtualAuthenticators: true}
Session ID: 7a579a18d8ff2384b11c029e7cbbd383
	at org.openqa.selenium.remote.http.W3CHttpResponseCodec.createException(W3CHttpResponseCodec.java:187)
	at org.openqa.selenium.remote.http.W3CHttpResponseCodec.decode(W3CHttpResponseCodec.java:122)
	at org.openqa.selenium.remote.http.W3CHttpResponseCodec.decode(W3CHttpResponseCodec.java:49)
	at org.openqa.selenium.remote.HttpCommandExecutor.execute(HttpCommandExecutor.java:158)
	at org.openqa.selenium.remote.service.DriverCommandExecutor.execute(DriverCommandExecutor.java:83)
	at org.openqa.selenium.remote.RemoteWebDriver.execute(RemoteWebDriver.java:552)
	at org.openqa.selenium.remote.RemoteWebDriver.get(RemoteWebDriver.java:277)
	at com.BaseClass.Base.setUp(Base.java:64)
	at com.TestCases.PIMAddEmployeeTest.homePimPage_SetUp(PIMAddEmployeeTest.java:35)
	at java.base/java.util.ArrayList.forEach(ArrayList.java:1511)
... Removed 36 stack frames</pre></div><a href='#' onClick='toggleBox("stack-trace42314793", this, "Click to show all stack frames", "Click to hide stack frames")'>Click to show all stack frames</a>
<div class='stack-trace' id='stack-trace42314793'><pre>org.openqa.selenium.TimeoutException: timeout: Timed out receiving message from renderer: 29.126
  (Session info: chrome=109.0.5414.120)
Build info: version: &apos;3.141.59&apos;, revision: &apos;e82be7d358&apos;, time: &apos;2018-11-14T08:17:03&apos;
System info: host: &apos;DESKTOP-F55OVVE&apos;, ip: &apos;192.168.221.9&apos;, os.name: &apos;Windows 10&apos;, os.arch: &apos;amd64&apos;, os.version: &apos;10.0&apos;, java.version: &apos;17.0.6&apos;
Driver info: org.openqa.selenium.chrome.ChromeDriver
Capabilities {acceptInsecureCerts: false, browserName: chrome, browserVersion: 109.0.5414.120, chrome: {chromedriverVersion: 109.0.5414.74 (e7c5703604da..., userDataDir: C:\Users\lenovo\AppData\Loc...}, goog:chromeOptions: {debuggerAddress: localhost:49531}, javascriptEnabled: true, networkConnectionEnabled: false, pageLoadStrategy: normal, platform: WINDOWS, platformName: WINDOWS, proxy: Proxy(), setWindowRect: true, strictFileInteractability: false, timeouts: {implicit: 0, pageLoad: 300000, script: 30000}, unhandledPromptBehavior: dismiss and notify, webauthn:extension:credBlob: true, webauthn:extension:largeBlob: true, webauthn:virtualAuthenticators: true}
Session ID: 7a579a18d8ff2384b11c029e7cbbd383
	at java.base/jdk.internal.reflect.NativeConstructorAccessorImpl.newInstance0(Native Method)
	at java.base/jdk.internal.reflect.NativeConstructorAccessorImpl.newInstance(NativeConstructorAccessorImpl.java:77)
	at java.base/jdk.internal.reflect.DelegatingConstructorAccessorImpl.newInstance(DelegatingConstructorAccessorImpl.java:45)
	at java.base/java.lang.reflect.Constructor.newInstanceWithCaller(Constructor.java:499)
	at java.base/java.lang.reflect.Constructor.newInstance(Constructor.java:480)
	at org.openqa.selenium.remote.http.W3CHttpResponseCodec.createException(W3CHttpResponseCodec.java:187)
	at org.openqa.selenium.remote.http.W3CHttpResponseCodec.decode(W3CHttpResponseCodec.java:122)
	at org.openqa.selenium.remote.http.W3CHttpResponseCodec.decode(W3CHttpResponseCodec.java:49)
	at org.openqa.selenium.remote.HttpCommandExecutor.execute(HttpCommandExecutor.java:158)
	at org.openqa.selenium.remote.service.DriverCommandExecutor.execute(DriverCommandExecutor.java:83)
	at org.openqa.selenium.remote.RemoteWebDriver.execute(RemoteWebDriver.java:552)
	at org.openqa.selenium.remote.RemoteWebDriver.get(RemoteWebDriver.java:277)
	at com.BaseClass.Base.setUp(Base.java:64)
	at com.TestCases.PIMAddEmployeeTest.homePimPage_SetUp(PIMAddEmployeeTest.java:35)
	at java.base/jdk.internal.reflect.NativeMethodAccessorImpl.invoke0(Native Method)
	at java.base/jdk.internal.reflect.NativeMethodAccessorImpl.invoke(NativeMethodAccessorImpl.java:77)
	at java.base/jdk.internal.reflect.DelegatingMethodAccessorImpl.invoke(DelegatingMethodAccessorImpl.java:43)
	at java.base/java.lang.reflect.Method.invoke(Method.java:568)
	at org.testng.internal.invokers.MethodInvocationHelper.invokeMethod(MethodInvocationHelper.java:139)
	at org.testng.internal.invokers.MethodInvocationHelper.invokeMethodConsideringTimeout(MethodInvocationHelper.java:69)
	at org.testng.internal.invokers.ConfigInvoker.invokeConfigurationMethod(ConfigInvoker.java:361)
	at org.testng.internal.invokers.ConfigInvoker.invokeConfigurations(ConfigInvoker.java:296)
	at org.testng.internal.invokers.TestInvoker.runConfigMethods(TestInvoker.java:816)
	at org.testng.internal.invokers.TestInvoker.invokeMethod(TestInvoker.java:590)
	at org.testng.internal.invokers.TestInvoker.invokeTestMethod(TestInvoker.java:221)
	at org.testng.internal.invokers.MethodRunner.runInSequence(MethodRunner.java:50)
	at org.testng.internal.invokers.TestInvoker$MethodInvocationAgent.invoke(TestInvoker.java:962)
	at org.testng.internal.invokers.TestInvoker.invokeTestMethods(TestInvoker.java:194)
	at org.testng.internal.invokers.TestMethodWorker.invokeTestMethods(TestMethodWorker.java:148)
	at org.testng.internal.invokers.TestMethodWorker.run(TestMethodWorker.java:128)
	at java.base/java.util.ArrayList.forEach(ArrayList.java:1511)
	at org.testng.TestRunner.privateRun(TestRunner.java:806)
	at org.testng.TestRunner.run(TestRunner.java:601)
	at org.testng.SuiteRunner.runTest(SuiteRunner.java:433)
	at org.testng.SuiteRunner.runSequentially(SuiteRunner.java:427)
	at org.testng.SuiteRunner.privateRun(SuiteRunner.java:387)
	at org.testng.SuiteRunner.run(SuiteRunner.java:330)
	at org.testng.SuiteRunnerWorker.runSuite(SuiteRunnerWorker.java:52)
	at org.testng.SuiteRunnerWorker.run(SuiteRunnerWorker.java:95)
	at org.testng.TestNG.runSuitesSequentially(TestNG.java:1256)
	at org.testng.TestNG.runSuitesLocally(TestNG.java:1176)
	at org.testng.TestNG.runSuites(TestNG.java:1099)
	at org.testng.TestNG.run(TestNG.java:1067)
	at org.testng.remote.AbstractRemoteTestNG.run(AbstractRemoteTestNG.java:115)
	at org.testng.remote.RemoteTestNG.initAndRun(RemoteTestNG.java:251)
	at org.testng.remote.RemoteTestNG.main(RemoteTestNG.java:77)
</pre></div></td>
<td>0</td>
<td>com.TestCases.PIMAddEmployeeTest@55a147cc</td></tr>
</table><p>
</body>
</html>