<?xml version="1.0" encoding="UTF-8"?>
<!-- Generated by org.testng.reporters.JUnitXMLReporter -->
<testsuite ignored="5" hostname="DESKTOP-F55OVVE" failures="0" tests="30" name="Test" time="534.923" errors="0" timestamp="2023-02-13T12:30:52 IST">
  <testcase classname="com.TestCases.PIMAddEmployeeTest" name="@BeforeMethod homePimPage_SetUp" time="32.044">
    <failure type="org.openqa.selenium.TimeoutException" message="timeout: Timed out receiving message from renderer: 29.126
  (Session info: chrome=109.0.5414.120)
Build info: version: &amp;apos;3.141.59&amp;apos;, revision: &amp;apos;e82be7d358&amp;apos;, time: &amp;apos;2018-11-14T08:17:03&amp;apos;
System info: host: &amp;apos;DESKTOP-F55OVVE&amp;apos;, ip: &amp;apos;192.168.221.9&amp;apos;, os.name: &amp;apos;Windows 10&amp;apos;, os.arch: &amp;apos;amd64&amp;apos;, os.version: &amp;apos;10.0&amp;apos;, java.version: &amp;apos;17.0.6&amp;apos;
Driver info: org.openqa.selenium.chrome.ChromeDriver
Capabilities {acceptInsecureCerts: false, browserName: chrome, browserVersion: 109.0.5414.120, chrome: {chromedriverVersion: 109.0.5414.74 (e7c5703604da..., userDataDir: C:\Users\lenovo\AppData\Loc...}, goog:chromeOptions: {debuggerAddress: localhost:49531}, javascriptEnabled: true, networkConnectionEnabled: false, pageLoadStrategy: normal, platform: WINDOWS, platformName: WINDOWS, proxy: Proxy(), setWindowRect: true, strictFileInteractability: false, timeouts: {implicit: 0, pageLoad: 300000, script: 30000}, unhandledPromptBehavior: dismiss and notify, webauthn:extension:credBlob: true, webauthn:extension:largeBlob: true, webauthn:virtualAuthenticators: true}
Session ID: 7a579a18d8ff2384b11c029e7cbbd383">
      <![CDATA[org.openqa.selenium.TimeoutException: timeout: Timed out receiving message from renderer: 29.126
  (Session info: chrome=109.0.5414.120)
Build info: version: '3.141.59', revision: 'e82be7d358', time: '2018-11-14T08:17:03'
System info: host: 'DESKTOP-F55OVVE', ip: '192.168.221.9', os.name: 'Windows 10', os.arch: 'amd64', os.version: '10.0', java.version: '17.0.6'
Driver info: org.openqa.selenium.chrome.ChromeDriver
Capabilities {acceptInsecureCerts: false, browserName: chrome, browserVersion: 109.0.5414.120, chrome: {chromedriverVersion: 109.0.5414.74 (e7c5703604da..., userDataDir: C:\Users\lenovo\AppData\Loc...}, goog:chromeOptions: {debuggerAddress: localhost:49531}, javascriptEnabled: true, networkConnectionEnabled: false, pageLoadStrategy: normal, platform: WINDOWS, platformName: WINDOWS, proxy: Proxy(), setWindowRect: true, strictFileInteractability: false, timeouts: {implicit: 0, pageLoad: 300000, script: 30000}, unhandledPromptBehavior: dismiss and notify, webauthn:extension:credBlob: true, webauthn:extension:largeBlob: true, webauthn:virtualAuthenticators: true}
Session ID: 7a579a18d8ff2384b11c029e7cbbd383
at org.openqa.selenium.remote.http.W3CHttpResponseCodec.createException(W3CHttpResponseCodec.java:187)
at org.openqa.selenium.remote.http.W3CHttpResponseCodec.decode(W3CHttpResponseCodec.java:122)
at org.openqa.selenium.remote.http.W3CHttpResponseCodec.decode(W3CHttpResponseCodec.java:49)
at org.openqa.selenium.remote.HttpCommandExecutor.execute(HttpCommandExecutor.java:158)
at org.openqa.selenium.remote.service.DriverCommandExecutor.execute(DriverCommandExecutor.java:83)
at org.openqa.selenium.remote.RemoteWebDriver.execute(RemoteWebDriver.java:552)
at org.openqa.selenium.remote.RemoteWebDriver.get(RemoteWebDriver.java:277)
at com.BaseClass.Base.setUp(Base.java:64)
at com.TestCases.PIMAddEmployeeTest.homePimPage_SetUp(PIMAddEmployeeTest.java:35)
at java.base/java.util.ArrayList.forEach(ArrayList.java:1511)
... Removed 36 stack frames]]>
    </failure>
  </testcase> <!-- @BeforeMethod homePimPage_SetUp -->
  <testcase classname="com.TestCases.PIMAddEmployeeTest" name="@AfterMethod homePimPage_TearDown" time="0.0">
    <skipped/>
  </testcase> <!-- @AfterMethod homePimPage_TearDown -->
  <testcase classname="com.TestCases.LoginPageTest" name="loginPage_Title_Test" time="0.085"/>
  <testcase classname="com.TestCases.LoginPageTest" name="loginPage_CurrentUrl_Test" time="0.034"/>
  <testcase classname="com.TestCases.LoginPageTest" name="loginPage_OrangeHRMLogoTest" time="0.936"/>
  <testcase classname="com.TestCases.LoginPageTest" name="loginPage_LoginTest" time="6.984"/>
  <testcase classname="com.TestCases.LoginPageTest" name="loginPage_loginLabelText_Test" time="2.735"/>
  <testcase classname="com.TestCases.ResetPasswordTest" name="resetPasswordPage_ResetPasswordTextTest" time="0.417"/>
  <testcase classname="com.TestCases.ResetPasswordTest" name="resetPasswordPage_CurrentUrlTest" time="0.03"/>
  <testcase classname="com.TestCases.ResetPasswordTest" name="resetPasswordPage_EnterUserName_CancelTest" time="2.353"/>
  <testcase classname="com.TestCases.ResetPasswordTest" name="resetPasswordPage_EnterUserName_ResetPasswordTest" time="0.642"/>
  <testcase classname="com.TestCases.SendPasswordResetPageTest" name="sendPasswordResetPageCurrentUrlTest" time="1.374"/>
  <testcase classname="com.TestCases.SendPasswordResetPageTest" name="sendPasswordRestTest" time="2.353"/>
  <testcase classname="com.TestCases.HomePageTest" name="homePage_CurrentUrl_ValidationTest" time="0.022"/>
  <testcase classname="com.TestCases.HomePageTest" name="homePage_OrangeHRMLogo_ValidationTest" time="2.286"/>
  <testcase classname="com.TestCases.HomePageTest" name="homePage_Admin_ValidationTest" time="3.468"/>
  <testcase classname="com.TestCases.HomePageTest" name="homePage_PIM_ValidationTest" time="3.481"/>
  <testcase classname="com.TestCases.HomePageTest" name="homePage_Leave_ValidationTest" time="2.664"/>
  <testcase classname="com.TestCases.HomePageTest" name="homePage_DashboardValidationTest" time="3.8"/>
  <testcase classname="com.TestCases.HomePageTest" name="homePage_CurrentActivePage_ValidationTest" time="2.128"/>
  <testcase classname="com.TestCases.HomePageTest" name="homePage_UserProfilePhoto_ValidationTest" time="4.021"/>
  <testcase classname="com.TestCases.HomePageTest" name="homePage_LoggedInUserName_ValidationTest" time="2.562"/>
  <testcase classname="com.TestCases.HomePageTest" name="homePage_UserDropDownAbout_ValidationTest" time="2.017"/>
  <testcase classname="com.TestCases.HomePageTest" name="homePage_UserDropDownSupport_ValidationTest" time="4.228"/>
  <testcase classname="com.TestCases.HomePageTest" name="homePage_MenuSearchEngineActive_ValidationTest" time="4.69"/>
  <testcase classname="com.TestCases.HomePIMPageTest" name="pimPage_CurrentURL_Test" time="0.016"/>
  <testcase classname="com.TestCases.HomePIMPageTest" name="pimPage_Label_Test" time="0.75"/>
  <testcase classname="com.TestCases.HomePIMPageTest" name="pimEmployeeList_Test" time="1.655"/>
  <testcase classname="com.TestCases.HomePIMPageTest" name="pimAddEmployeeList_Test" time="1.726"/>
  <testcase classname="com.TestCases.HomePIMPageTest" name="pimReports_Test" time="0.011"/>
  <testcase classname="com.TestCases.HomePIMPageTest" name="pimConfigurationOptionalFields_Test" time="2.623"/>
  <testcase classname="com.TestCases.PIMAddEmployeeTest" name="addEmployee_CreateEmployee_Test" time="0.0">
    <skipped/>
  </testcase> <!-- addEmployee_CreateEmployee_Test -->
  <testcase classname="com.BaseClass.Base" name="@BeforeSuite extentReportsInititation" time="0.0">
    <ignored/>
  </testcase> <!-- @BeforeSuite extentReportsInititation -->
  <testcase classname="com.BaseClass.Base" name="@BeforeSuite extentReportsInititation" time="0.0">
    <ignored/>
  </testcase> <!-- @BeforeSuite extentReportsInititation -->
  <testcase classname="com.BaseClass.Base" name="@BeforeSuite extentReportsInititation" time="0.0">
    <ignored/>
  </testcase> <!-- @BeforeSuite extentReportsInititation -->
  <testcase classname="com.BaseClass.Base" name="@BeforeSuite extentReportsInititation" time="0.0">
    <ignored/>
  </testcase> <!-- @BeforeSuite extentReportsInititation -->
  <testcase classname="com.BaseClass.Base" name="@BeforeSuite extentReportsInititation" time="0.0">
    <ignored/>
  </testcase> <!-- @BeforeSuite extentReportsInititation -->
</testsuite> <!-- Test -->
