<?xml version="1.0" encoding="UTF-8"?>
<testng-results ignored="5" total="35" passed="29" failed="0" skipped="1">
  <reporter-output>
  </reporter-output>
  <suite started-at="2023-02-13T12:21:58 IST" name="Suite" finished-at="2023-02-13T12:30:52 IST" duration-ms="534923">
    <groups>
    </groups>
    <test started-at="2023-02-13T12:21:58 IST" name="Test" finished-at="2023-02-13T12:30:52 IST" duration-ms="534923">
      <class name="com.TestCases.HomePageTest">
        <test-method is-config="true" signature="homePage_SetUp()[pri:0, instance:com.TestCases.HomePageTest@1ffaf86]" started-at="2023-02-13T12:24:19 IST" name="homePage_SetUp" finished-at="2023-02-13T12:24:29 IST" duration-ms="10679" status="PASS">
          <reporter-output>
          </reporter-output>
        </test-method> <!-- homePage_SetUp -->
        <test-method signature="homePage_CurrentUrl_ValidationTest()[pri:1, instance:com.TestCases.HomePageTest@1ffaf86]" started-at="2023-02-13T12:24:29 IST" name="homePage_CurrentUrl_ValidationTest" description="HomePage Current Url Test" finished-at="2023-02-13T12:24:29 IST" duration-ms="22" status="PASS">
          <reporter-output>
          </reporter-output>
        </test-method> <!-- homePage_CurrentUrl_ValidationTest -->
        <test-method is-config="true" signature="homePage_TearDown()[pri:0, instance:com.TestCases.HomePageTest@1ffaf86]" started-at="2023-02-13T12:24:29 IST" name="homePage_TearDown" finished-at="2023-02-13T12:24:32 IST" duration-ms="2844" status="PASS">
          <reporter-output>
          </reporter-output>
        </test-method> <!-- homePage_TearDown -->
        <test-method is-config="true" signature="homePage_SetUp()[pri:0, instance:com.TestCases.HomePageTest@1ffaf86]" started-at="2023-02-13T12:24:32 IST" name="homePage_SetUp" finished-at="2023-02-13T12:24:41 IST" duration-ms="9391" status="PASS">
          <reporter-output>
          </reporter-output>
        </test-method> <!-- homePage_SetUp -->
        <test-method signature="homePage_OrangeHRMLogo_ValidationTest()[pri:2, instance:com.TestCases.HomePageTest@1ffaf86]" started-at="2023-02-13T12:24:41 IST" name="homePage_OrangeHRMLogo_ValidationTest" description="HomePage OrangeHRM Logo Validation Test" finished-at="2023-02-13T12:24:44 IST" duration-ms="2286" status="PASS">
          <reporter-output>
          </reporter-output>
        </test-method> <!-- homePage_OrangeHRMLogo_ValidationTest -->
        <test-method is-config="true" signature="homePage_TearDown()[pri:0, instance:com.TestCases.HomePageTest@1ffaf86]" started-at="2023-02-13T12:24:44 IST" name="homePage_TearDown" finished-at="2023-02-13T12:24:46 IST" duration-ms="2253" status="PASS">
          <reporter-output>
          </reporter-output>
        </test-method> <!-- homePage_TearDown -->
        <test-method is-config="true" signature="homePage_SetUp()[pri:0, instance:com.TestCases.HomePageTest@1ffaf86]" started-at="2023-02-13T12:24:46 IST" name="homePage_SetUp" finished-at="2023-02-13T12:24:55 IST" duration-ms="9348" status="PASS">
          <reporter-output>
          </reporter-output>
        </test-method> <!-- homePage_SetUp -->
        <test-method signature="homePage_Admin_ValidationTest()[pri:3, instance:com.TestCases.HomePageTest@1ffaf86]" started-at="2023-02-13T12:24:55 IST" name="homePage_Admin_ValidationTest" description="HomePage Admin Element Validation Test" finished-at="2023-02-13T12:24:59 IST" duration-ms="3468" status="PASS">
          <reporter-output>
          </reporter-output>
        </test-method> <!-- homePage_Admin_ValidationTest -->
        <test-method is-config="true" signature="homePage_TearDown()[pri:0, instance:com.TestCases.HomePageTest@1ffaf86]" started-at="2023-02-13T12:24:59 IST" name="homePage_TearDown" finished-at="2023-02-13T12:25:02 IST" duration-ms="2919" status="PASS">
          <reporter-output>
          </reporter-output>
        </test-method> <!-- homePage_TearDown -->
        <test-method is-config="true" signature="homePage_SetUp()[pri:0, instance:com.TestCases.HomePageTest@1ffaf86]" started-at="2023-02-13T12:25:02 IST" name="homePage_SetUp" finished-at="2023-02-13T12:25:12 IST" duration-ms="10671" status="PASS">
          <reporter-output>
          </reporter-output>
        </test-method> <!-- homePage_SetUp -->
        <test-method signature="homePage_PIM_ValidationTest()[pri:4, instance:com.TestCases.HomePageTest@1ffaf86]" started-at="2023-02-13T12:25:12 IST" name="homePage_PIM_ValidationTest" description="HomePage PIM Element Validation Test" finished-at="2023-02-13T12:25:16 IST" duration-ms="3481" status="PASS">
          <reporter-output>
          </reporter-output>
        </test-method> <!-- homePage_PIM_ValidationTest -->
        <test-method is-config="true" signature="homePage_TearDown()[pri:0, instance:com.TestCases.HomePageTest@1ffaf86]" started-at="2023-02-13T12:25:16 IST" name="homePage_TearDown" finished-at="2023-02-13T12:25:19 IST" duration-ms="3390" status="PASS">
          <reporter-output>
          </reporter-output>
        </test-method> <!-- homePage_TearDown -->
        <test-method is-config="true" signature="homePage_SetUp()[pri:0, instance:com.TestCases.HomePageTest@1ffaf86]" started-at="2023-02-13T12:25:19 IST" name="homePage_SetUp" finished-at="2023-02-13T12:25:34 IST" duration-ms="14428" status="PASS">
          <reporter-output>
          </reporter-output>
        </test-method> <!-- homePage_SetUp -->
        <test-method signature="homePage_Leave_ValidationTest()[pri:5, instance:com.TestCases.HomePageTest@1ffaf86]" started-at="2023-02-13T12:25:34 IST" name="homePage_Leave_ValidationTest" description="HomePage Leave Element Validation Test" finished-at="2023-02-13T12:25:36 IST" duration-ms="2664" status="PASS">
          <reporter-output>
          </reporter-output>
        </test-method> <!-- homePage_Leave_ValidationTest -->
        <test-method is-config="true" signature="homePage_TearDown()[pri:0, instance:com.TestCases.HomePageTest@1ffaf86]" started-at="2023-02-13T12:25:36 IST" name="homePage_TearDown" finished-at="2023-02-13T12:25:39 IST" duration-ms="2914" status="PASS">
          <reporter-output>
          </reporter-output>
        </test-method> <!-- homePage_TearDown -->
        <test-method is-config="true" signature="homePage_SetUp()[pri:0, instance:com.TestCases.HomePageTest@1ffaf86]" started-at="2023-02-13T12:25:39 IST" name="homePage_SetUp" finished-at="2023-02-13T12:25:54 IST" duration-ms="14822" status="PASS">
          <reporter-output>
          </reporter-output>
        </test-method> <!-- homePage_SetUp -->
        <test-method signature="homePage_DashboardValidationTest()[pri:6, instance:com.TestCases.HomePageTest@1ffaf86]" started-at="2023-02-13T12:25:54 IST" name="homePage_DashboardValidationTest" description="HomePage Dashboard Element Validation Test" finished-at="2023-02-13T12:25:58 IST" duration-ms="3800" status="PASS">
          <reporter-output>
          </reporter-output>
        </test-method> <!-- homePage_DashboardValidationTest -->
        <test-method is-config="true" signature="homePage_TearDown()[pri:0, instance:com.TestCases.HomePageTest@1ffaf86]" started-at="2023-02-13T12:25:58 IST" name="homePage_TearDown" finished-at="2023-02-13T12:26:02 IST" duration-ms="3643" status="PASS">
          <reporter-output>
          </reporter-output>
        </test-method> <!-- homePage_TearDown -->
        <test-method is-config="true" signature="homePage_SetUp()[pri:0, instance:com.TestCases.HomePageTest@1ffaf86]" started-at="2023-02-13T12:26:02 IST" name="homePage_SetUp" finished-at="2023-02-13T12:26:17 IST" duration-ms="15447" status="PASS">
          <reporter-output>
          </reporter-output>
        </test-method> <!-- homePage_SetUp -->
        <test-method signature="homePage_CurrentActivePage_ValidationTest()[pri:7, instance:com.TestCases.HomePageTest@1ffaf86]" started-at="2023-02-13T12:26:17 IST" name="homePage_CurrentActivePage_ValidationTest" description="HomePage Current Active Page text Validation" finished-at="2023-02-13T12:26:19 IST" duration-ms="2128" status="PASS">
          <reporter-output>
          </reporter-output>
        </test-method> <!-- homePage_CurrentActivePage_ValidationTest -->
        <test-method is-config="true" signature="homePage_TearDown()[pri:0, instance:com.TestCases.HomePageTest@1ffaf86]" started-at="2023-02-13T12:26:19 IST" name="homePage_TearDown" finished-at="2023-02-13T12:26:21 IST" duration-ms="2284" status="PASS">
          <reporter-output>
          </reporter-output>
        </test-method> <!-- homePage_TearDown -->
        <test-method is-config="true" signature="homePage_SetUp()[pri:0, instance:com.TestCases.HomePageTest@1ffaf86]" started-at="2023-02-13T12:26:21 IST" name="homePage_SetUp" finished-at="2023-02-13T12:26:33 IST" duration-ms="11710" status="PASS">
          <reporter-output>
          </reporter-output>
        </test-method> <!-- homePage_SetUp -->
        <test-method signature="homePage_UserProfilePhoto_ValidationTest()[pri:8, instance:com.TestCases.HomePageTest@1ffaf86]" started-at="2023-02-13T12:26:33 IST" name="homePage_UserProfilePhoto_ValidationTest" description="HomePage UserProfilePhoto Validation" finished-at="2023-02-13T12:26:37 IST" duration-ms="4021" status="PASS">
          <reporter-output>
          </reporter-output>
        </test-method> <!-- homePage_UserProfilePhoto_ValidationTest -->
        <test-method is-config="true" signature="homePage_TearDown()[pri:0, instance:com.TestCases.HomePageTest@1ffaf86]" started-at="2023-02-13T12:26:37 IST" name="homePage_TearDown" finished-at="2023-02-13T12:26:39 IST" duration-ms="2163" status="PASS">
          <reporter-output>
          </reporter-output>
        </test-method> <!-- homePage_TearDown -->
        <test-method is-config="true" signature="homePage_SetUp()[pri:0, instance:com.TestCases.HomePageTest@1ffaf86]" started-at="2023-02-13T12:26:39 IST" name="homePage_SetUp" finished-at="2023-02-13T12:26:53 IST" duration-ms="13285" status="PASS">
          <reporter-output>
          </reporter-output>
        </test-method> <!-- homePage_SetUp -->
        <test-method signature="homePage_LoggedInUserName_ValidationTest()[pri:9, instance:com.TestCases.HomePageTest@1ffaf86]" started-at="2023-02-13T12:26:53 IST" name="homePage_LoggedInUserName_ValidationTest" description="HomePage Logged In UserName Validation" finished-at="2023-02-13T12:26:55 IST" duration-ms="2562" status="PASS">
          <reporter-output>
          </reporter-output>
        </test-method> <!-- homePage_LoggedInUserName_ValidationTest -->
        <test-method is-config="true" signature="homePage_TearDown()[pri:0, instance:com.TestCases.HomePageTest@1ffaf86]" started-at="2023-02-13T12:26:55 IST" name="homePage_TearDown" finished-at="2023-02-13T12:27:02 IST" duration-ms="6834" status="PASS">
          <reporter-output>
          </reporter-output>
        </test-method> <!-- homePage_TearDown -->
        <test-method is-config="true" signature="homePage_SetUp()[pri:0, instance:com.TestCases.HomePageTest@1ffaf86]" started-at="2023-02-13T12:27:02 IST" name="homePage_SetUp" finished-at="2023-02-13T12:27:34 IST" duration-ms="32128" status="PASS">
          <reporter-output>
          </reporter-output>
        </test-method> <!-- homePage_SetUp -->
        <test-method signature="homePage_UserDropDownAbout_ValidationTest()[pri:10, instance:com.TestCases.HomePageTest@1ffaf86]" started-at="2023-02-13T12:27:34 IST" name="homePage_UserDropDownAbout_ValidationTest" description="HomePage UserDropDown About Text Validation" finished-at="2023-02-13T12:27:36 IST" duration-ms="2017" status="PASS">
          <reporter-output>
          </reporter-output>
        </test-method> <!-- homePage_UserDropDownAbout_ValidationTest -->
        <test-method is-config="true" signature="homePage_TearDown()[pri:0, instance:com.TestCases.HomePageTest@1ffaf86]" started-at="2023-02-13T12:27:36 IST" name="homePage_TearDown" finished-at="2023-02-13T12:27:38 IST" duration-ms="2172" status="PASS">
          <reporter-output>
          </reporter-output>
        </test-method> <!-- homePage_TearDown -->
        <test-method is-config="true" signature="homePage_SetUp()[pri:0, instance:com.TestCases.HomePageTest@1ffaf86]" started-at="2023-02-13T12:27:38 IST" name="homePage_SetUp" finished-at="2023-02-13T12:27:50 IST" duration-ms="11169" status="PASS">
          <reporter-output>
          </reporter-output>
        </test-method> <!-- homePage_SetUp -->
        <test-method signature="homePage_UserDropDownSupport_ValidationTest()[pri:11, instance:com.TestCases.HomePageTest@1ffaf86]" started-at="2023-02-13T12:27:50 IST" name="homePage_UserDropDownSupport_ValidationTest" description="HomePage UserDropDown Support Mail Validation" finished-at="2023-02-13T12:27:54 IST" duration-ms="4228" status="PASS">
          <reporter-output>
          </reporter-output>
        </test-method> <!-- homePage_UserDropDownSupport_ValidationTest -->
        <test-method is-config="true" signature="homePage_TearDown()[pri:0, instance:com.TestCases.HomePageTest@1ffaf86]" started-at="2023-02-13T12:27:54 IST" name="homePage_TearDown" finished-at="2023-02-13T12:27:56 IST" duration-ms="1931" status="PASS">
          <reporter-output>
          </reporter-output>
        </test-method> <!-- homePage_TearDown -->
        <test-method is-config="true" signature="homePage_SetUp()[pri:0, instance:com.TestCases.HomePageTest@1ffaf86]" started-at="2023-02-13T12:27:56 IST" name="homePage_SetUp" finished-at="2023-02-13T12:28:06 IST" duration-ms="9879" status="PASS">
          <reporter-output>
          </reporter-output>
        </test-method> <!-- homePage_SetUp -->
        <test-method signature="homePage_MenuSearchEngineActive_ValidationTest()[pri:12, instance:com.TestCases.HomePageTest@1ffaf86]" started-at="2023-02-13T12:28:06 IST" name="homePage_MenuSearchEngineActive_ValidationTest" description="homePage_MenuSearchEngineActive_Validation Test" finished-at="2023-02-13T12:28:10 IST" duration-ms="4690" status="PASS">
          <reporter-output>
          </reporter-output>
        </test-method> <!-- homePage_MenuSearchEngineActive_ValidationTest -->
        <test-method is-config="true" signature="homePage_TearDown()[pri:0, instance:com.TestCases.HomePageTest@1ffaf86]" started-at="2023-02-13T12:28:10 IST" name="homePage_TearDown" finished-at="2023-02-13T12:28:13 IST" duration-ms="2525" status="PASS">
          <reporter-output>
          </reporter-output>
        </test-method> <!-- homePage_TearDown -->
      </class> <!-- com.TestCases.HomePageTest -->
      <class name="com.TestCases.LoginPageTest">
        <test-method is-config="true" signature="extentReportsInititation()[pri:0, instance:com.TestCases.LoginPageTest@229c6181]" started-at="2023-02-13T12:21:57 IST" name="extentReportsInititation" finished-at="2023-02-13T12:21:58 IST" duration-ms="901" status="PASS">
          <reporter-output>
          </reporter-output>
        </test-method> <!-- extentReportsInititation -->
        <test-method is-config="true" signature="loginPage_setUp()[pri:0, instance:com.TestCases.LoginPageTest@229c6181]" started-at="2023-02-13T12:21:58 IST" name="loginPage_setUp" finished-at="2023-02-13T12:22:27 IST" duration-ms="29370" status="PASS">
          <reporter-output>
          </reporter-output>
        </test-method> <!-- loginPage_setUp -->
        <test-method signature="loginPage_Title_Test()[pri:1, instance:com.TestCases.LoginPageTest@229c6181]" started-at="2023-02-13T12:22:27 IST" name="loginPage_Title_Test" description="LoginPage title validation" finished-at="2023-02-13T12:22:27 IST" duration-ms="85" status="PASS">
          <reporter-output>
          </reporter-output>
        </test-method> <!-- loginPage_Title_Test -->
        <test-method is-config="true" signature="loginPage_TearDown()[pri:0, instance:com.TestCases.LoginPageTest@229c6181]" started-at="2023-02-13T12:22:27 IST" name="loginPage_TearDown" finished-at="2023-02-13T12:22:29 IST" duration-ms="1422" status="PASS">
          <reporter-output>
          </reporter-output>
        </test-method> <!-- loginPage_TearDown -->
        <test-method is-config="true" signature="loginPage_setUp()[pri:0, instance:com.TestCases.LoginPageTest@229c6181]" started-at="2023-02-13T12:22:29 IST" name="loginPage_setUp" finished-at="2023-02-13T12:22:38 IST" duration-ms="8923" status="PASS">
          <reporter-output>
          </reporter-output>
        </test-method> <!-- loginPage_setUp -->
        <test-method signature="loginPage_CurrentUrl_Test()[pri:2, instance:com.TestCases.LoginPageTest@229c6181]" started-at="2023-02-13T12:22:38 IST" name="loginPage_CurrentUrl_Test" description="Loginpage CurrentUrl Validation" finished-at="2023-02-13T12:22:38 IST" duration-ms="34" status="PASS">
          <reporter-output>
          </reporter-output>
        </test-method> <!-- loginPage_CurrentUrl_Test -->
        <test-method is-config="true" signature="loginPage_TearDown()[pri:0, instance:com.TestCases.LoginPageTest@229c6181]" started-at="2023-02-13T12:22:38 IST" name="loginPage_TearDown" finished-at="2023-02-13T12:22:38 IST" duration-ms="625" status="PASS">
          <reporter-output>
          </reporter-output>
        </test-method> <!-- loginPage_TearDown -->
        <test-method is-config="true" signature="loginPage_setUp()[pri:0, instance:com.TestCases.LoginPageTest@229c6181]" started-at="2023-02-13T12:22:38 IST" name="loginPage_setUp" finished-at="2023-02-13T12:22:46 IST" duration-ms="7884" status="PASS">
          <reporter-output>
          </reporter-output>
        </test-method> <!-- loginPage_setUp -->
        <test-method signature="loginPage_OrangeHRMLogoTest()[pri:3, instance:com.TestCases.LoginPageTest@229c6181]" started-at="2023-02-13T12:22:46 IST" name="loginPage_OrangeHRMLogoTest" description="LoginPage OrangeHRM Logo Image on Top" finished-at="2023-02-13T12:22:47 IST" duration-ms="936" status="PASS">
          <reporter-output>
          </reporter-output>
        </test-method> <!-- loginPage_OrangeHRMLogoTest -->
        <test-method is-config="true" signature="loginPage_TearDown()[pri:0, instance:com.TestCases.LoginPageTest@229c6181]" started-at="2023-02-13T12:22:47 IST" name="loginPage_TearDown" finished-at="2023-02-13T12:22:48 IST" duration-ms="579" status="PASS">
          <reporter-output>
          </reporter-output>
        </test-method> <!-- loginPage_TearDown -->
        <test-method is-config="true" signature="loginPage_setUp()[pri:0, instance:com.TestCases.LoginPageTest@229c6181]" started-at="2023-02-13T12:22:48 IST" name="loginPage_setUp" finished-at="2023-02-13T12:22:54 IST" duration-ms="6698" status="PASS">
          <reporter-output>
          </reporter-output>
        </test-method> <!-- loginPage_setUp -->
        <test-method signature="loginPage_LoginTest()[pri:4, instance:com.TestCases.LoginPageTest@229c6181]" started-at="2023-02-13T12:22:54 IST" name="loginPage_LoginTest" description="LoginPage login Test" finished-at="2023-02-13T12:23:01 IST" duration-ms="6984" status="PASS">
          <reporter-output>
          </reporter-output>
        </test-method> <!-- loginPage_LoginTest -->
        <test-method is-config="true" signature="loginPage_TearDown()[pri:0, instance:com.TestCases.LoginPageTest@229c6181]" started-at="2023-02-13T12:23:01 IST" name="loginPage_TearDown" finished-at="2023-02-13T12:23:03 IST" duration-ms="1584" status="PASS">
          <reporter-output>
          </reporter-output>
        </test-method> <!-- loginPage_TearDown -->
        <test-method is-config="true" signature="loginPage_setUp()[pri:0, instance:com.TestCases.LoginPageTest@229c6181]" started-at="2023-02-13T12:23:03 IST" name="loginPage_setUp" finished-at="2023-02-13T12:23:09 IST" duration-ms="6144" status="PASS">
          <reporter-output>
          </reporter-output>
        </test-method> <!-- loginPage_setUp -->
        <test-method signature="loginPage_loginLabelText_Test()[pri:5, instance:com.TestCases.LoginPageTest@229c6181]" started-at="2023-02-13T12:23:09 IST" name="loginPage_loginLabelText_Test" description="LoginPage LoginLabelText Validation" finished-at="2023-02-13T12:23:12 IST" duration-ms="2735" status="PASS">
          <reporter-output>
          </reporter-output>
        </test-method> <!-- loginPage_loginLabelText_Test -->
        <test-method is-config="true" signature="loginPage_TearDown()[pri:0, instance:com.TestCases.LoginPageTest@229c6181]" started-at="2023-02-13T12:23:12 IST" name="loginPage_TearDown" finished-at="2023-02-13T12:23:12 IST" duration-ms="535" status="PASS">
          <reporter-output>
          </reporter-output>
        </test-method> <!-- loginPage_TearDown -->
      </class> <!-- com.TestCases.LoginPageTest -->
      <class name="com.TestCases.PIMAddEmployeeTest">
        <test-method is-config="true" signature="homePimPage_SetUp()[pri:0, instance:com.TestCases.PIMAddEmployeeTest@55a147cc]" started-at="2023-02-13T12:30:20 IST" name="homePimPage_SetUp" finished-at="2023-02-13T12:30:52 IST" duration-ms="32044" status="FAIL">
          <exception class="org.openqa.selenium.TimeoutException">
            <message>
              <![CDATA[timeout: Timed out receiving message from renderer: 29.126
  (Session info: chrome=109.0.5414.120)
Build info: version: '3.141.59', revision: 'e82be7d358', time: '2018-11-14T08:17:03'
System info: host: 'DESKTOP-F55OVVE', ip: '192.168.221.9', os.name: 'Windows 10', os.arch: 'amd64', os.version: '10.0', java.version: '17.0.6'
Driver info: org.openqa.selenium.chrome.ChromeDriver
Capabilities {acceptInsecureCerts: false, browserName: chrome, browserVersion: 109.0.5414.120, chrome: {chromedriverVersion: 109.0.5414.74 (e7c5703604da..., userDataDir: C:\Users\lenovo\AppData\Loc...}, goog:chromeOptions: {debuggerAddress: localhost:49531}, javascriptEnabled: true, networkConnectionEnabled: false, pageLoadStrategy: normal, platform: WINDOWS, platformName: WINDOWS, proxy: Proxy(), setWindowRect: true, strictFileInteractability: false, timeouts: {implicit: 0, pageLoad: 300000, script: 30000}, unhandledPromptBehavior: dismiss and notify, webauthn:extension:credBlob: true, webauthn:extension:largeBlob: true, webauthn:virtualAuthenticators: true}
Session ID: 7a579a18d8ff2384b11c029e7cbbd383]]>
            </message>
            <full-stacktrace>
              <![CDATA[org.openqa.selenium.TimeoutException: timeout: Timed out receiving message from renderer: 29.126
  (Session info: chrome=109.0.5414.120)
Build info: version: '3.141.59', revision: 'e82be7d358', time: '2018-11-14T08:17:03'
System info: host: 'DESKTOP-F55OVVE', ip: '192.168.221.9', os.name: 'Windows 10', os.arch: 'amd64', os.version: '10.0', java.version: '17.0.6'
Driver info: org.openqa.selenium.chrome.ChromeDriver
Capabilities {acceptInsecureCerts: false, browserName: chrome, browserVersion: 109.0.5414.120, chrome: {chromedriverVersion: 109.0.5414.74 (e7c5703604da..., userDataDir: C:\Users\lenovo\AppData\Loc...}, goog:chromeOptions: {debuggerAddress: localhost:49531}, javascriptEnabled: true, networkConnectionEnabled: false, pageLoadStrategy: normal, platform: WINDOWS, platformName: WINDOWS, proxy: Proxy(), setWindowRect: true, strictFileInteractability: false, timeouts: {implicit: 0, pageLoad: 300000, script: 30000}, unhandledPromptBehavior: dismiss and notify, webauthn:extension:credBlob: true, webauthn:extension:largeBlob: true, webauthn:virtualAuthenticators: true}
Session ID: 7a579a18d8ff2384b11c029e7cbbd383
at java.base/jdk.internal.reflect.NativeConstructorAccessorImpl.newInstance0(Native Method)
at java.base/jdk.internal.reflect.NativeConstructorAccessorImpl.newInstance(NativeConstructorAccessorImpl.java:77)
at java.base/jdk.internal.reflect.DelegatingConstructorAccessorImpl.newInstance(DelegatingConstructorAccessorImpl.java:45)
at java.base/java.lang.reflect.Constructor.newInstanceWithCaller(Constructor.java:499)
at java.base/java.lang.reflect.Constructor.newInstance(Constructor.java:480)
at org.openqa.selenium.remote.http.W3CHttpResponseCodec.createException(W3CHttpResponseCodec.java:187)
at org.openqa.selenium.remote.http.W3CHttpResponseCodec.decode(W3CHttpResponseCodec.java:122)
at org.openqa.selenium.remote.http.W3CHttpResponseCodec.decode(W3CHttpResponseCodec.java:49)
at org.openqa.selenium.remote.HttpCommandExecutor.execute(HttpCommandExecutor.java:158)
at org.openqa.selenium.remote.service.DriverCommandExecutor.execute(DriverCommandExecutor.java:83)
at org.openqa.selenium.remote.RemoteWebDriver.execute(RemoteWebDriver.java:552)
at org.openqa.selenium.remote.RemoteWebDriver.get(RemoteWebDriver.java:277)
at com.BaseClass.Base.setUp(Base.java:64)
at com.TestCases.PIMAddEmployeeTest.homePimPage_SetUp(PIMAddEmployeeTest.java:35)
at java.base/jdk.internal.reflect.NativeMethodAccessorImpl.invoke0(Native Method)
at java.base/jdk.internal.reflect.NativeMethodAccessorImpl.invoke(NativeMethodAccessorImpl.java:77)
at java.base/jdk.internal.reflect.DelegatingMethodAccessorImpl.invoke(DelegatingMethodAccessorImpl.java:43)
at java.base/java.lang.reflect.Method.invoke(Method.java:568)
at org.testng.internal.invokers.MethodInvocationHelper.invokeMethod(MethodInvocationHelper.java:139)
at org.testng.internal.invokers.MethodInvocationHelper.invokeMethodConsideringTimeout(MethodInvocationHelper.java:69)
at org.testng.internal.invokers.ConfigInvoker.invokeConfigurationMethod(ConfigInvoker.java:361)
at org.testng.internal.invokers.ConfigInvoker.invokeConfigurations(ConfigInvoker.java:296)
at org.testng.internal.invokers.TestInvoker.runConfigMethods(TestInvoker.java:816)
at org.testng.internal.invokers.TestInvoker.invokeMethod(TestInvoker.java:590)
at org.testng.internal.invokers.TestInvoker.invokeTestMethod(TestInvoker.java:221)
at org.testng.internal.invokers.MethodRunner.runInSequence(MethodRunner.java:50)
at org.testng.internal.invokers.TestInvoker$MethodInvocationAgent.invoke(TestInvoker.java:962)
at org.testng.internal.invokers.TestInvoker.invokeTestMethods(TestInvoker.java:194)
at org.testng.internal.invokers.TestMethodWorker.invokeTestMethods(TestMethodWorker.java:148)
at org.testng.internal.invokers.TestMethodWorker.run(TestMethodWorker.java:128)
at java.base/java.util.ArrayList.forEach(ArrayList.java:1511)
at org.testng.TestRunner.privateRun(TestRunner.java:806)
at org.testng.TestRunner.run(TestRunner.java:601)
at org.testng.SuiteRunner.runTest(SuiteRunner.java:433)
at org.testng.SuiteRunner.runSequentially(SuiteRunner.java:427)
at org.testng.SuiteRunner.privateRun(SuiteRunner.java:387)
at org.testng.SuiteRunner.run(SuiteRunner.java:330)
at org.testng.SuiteRunnerWorker.runSuite(SuiteRunnerWorker.java:52)
at org.testng.SuiteRunnerWorker.run(SuiteRunnerWorker.java:95)
at org.testng.TestNG.runSuitesSequentially(TestNG.java:1256)
at org.testng.TestNG.runSuitesLocally(TestNG.java:1176)
at org.testng.TestNG.runSuites(TestNG.java:1099)
at org.testng.TestNG.run(TestNG.java:1067)
at org.testng.remote.AbstractRemoteTestNG.run(AbstractRemoteTestNG.java:115)
at org.testng.remote.RemoteTestNG.initAndRun(RemoteTestNG.java:251)
at org.testng.remote.RemoteTestNG.main(RemoteTestNG.java:77)
]]>
            </full-stacktrace>
          </exception> <!-- org.openqa.selenium.TimeoutException -->
          <reporter-output>
          </reporter-output>
        </test-method> <!-- homePimPage_SetUp -->
        <test-method signature="addEmployee_CreateEmployee_Test()[pri:0, instance:com.TestCases.PIMAddEmployeeTest@55a147cc]" started-at="2023-02-13T12:30:52 IST" name="addEmployee_CreateEmployee_Test" finished-at="2023-02-13T12:30:52 IST" duration-ms="0" status="SKIP">
          <exception class="org.openqa.selenium.TimeoutException">
            <message>
              <![CDATA[timeout: Timed out receiving message from renderer: 29.126
  (Session info: chrome=109.0.5414.120)
Build info: version: '3.141.59', revision: 'e82be7d358', time: '2018-11-14T08:17:03'
System info: host: 'DESKTOP-F55OVVE', ip: '192.168.221.9', os.name: 'Windows 10', os.arch: 'amd64', os.version: '10.0', java.version: '17.0.6'
Driver info: org.openqa.selenium.chrome.ChromeDriver
Capabilities {acceptInsecureCerts: false, browserName: chrome, browserVersion: 109.0.5414.120, chrome: {chromedriverVersion: 109.0.5414.74 (e7c5703604da..., userDataDir: C:\Users\lenovo\AppData\Loc...}, goog:chromeOptions: {debuggerAddress: localhost:49531}, javascriptEnabled: true, networkConnectionEnabled: false, pageLoadStrategy: normal, platform: WINDOWS, platformName: WINDOWS, proxy: Proxy(), setWindowRect: true, strictFileInteractability: false, timeouts: {implicit: 0, pageLoad: 300000, script: 30000}, unhandledPromptBehavior: dismiss and notify, webauthn:extension:credBlob: true, webauthn:extension:largeBlob: true, webauthn:virtualAuthenticators: true}
Session ID: 7a579a18d8ff2384b11c029e7cbbd383]]>
            </message>
            <full-stacktrace>
              <![CDATA[org.openqa.selenium.TimeoutException: timeout: Timed out receiving message from renderer: 29.126
  (Session info: chrome=109.0.5414.120)
Build info: version: '3.141.59', revision: 'e82be7d358', time: '2018-11-14T08:17:03'
System info: host: 'DESKTOP-F55OVVE', ip: '192.168.221.9', os.name: 'Windows 10', os.arch: 'amd64', os.version: '10.0', java.version: '17.0.6'
Driver info: org.openqa.selenium.chrome.ChromeDriver
Capabilities {acceptInsecureCerts: false, browserName: chrome, browserVersion: 109.0.5414.120, chrome: {chromedriverVersion: 109.0.5414.74 (e7c5703604da..., userDataDir: C:\Users\lenovo\AppData\Loc...}, goog:chromeOptions: {debuggerAddress: localhost:49531}, javascriptEnabled: true, networkConnectionEnabled: false, pageLoadStrategy: normal, platform: WINDOWS, platformName: WINDOWS, proxy: Proxy(), setWindowRect: true, strictFileInteractability: false, timeouts: {implicit: 0, pageLoad: 300000, script: 30000}, unhandledPromptBehavior: dismiss and notify, webauthn:extension:credBlob: true, webauthn:extension:largeBlob: true, webauthn:virtualAuthenticators: true}
Session ID: 7a579a18d8ff2384b11c029e7cbbd383
at java.base/jdk.internal.reflect.NativeConstructorAccessorImpl.newInstance0(Native Method)
at java.base/jdk.internal.reflect.NativeConstructorAccessorImpl.newInstance(NativeConstructorAccessorImpl.java:77)
at java.base/jdk.internal.reflect.DelegatingConstructorAccessorImpl.newInstance(DelegatingConstructorAccessorImpl.java:45)
at java.base/java.lang.reflect.Constructor.newInstanceWithCaller(Constructor.java:499)
at java.base/java.lang.reflect.Constructor.newInstance(Constructor.java:480)
at org.openqa.selenium.remote.http.W3CHttpResponseCodec.createException(W3CHttpResponseCodec.java:187)
at org.openqa.selenium.remote.http.W3CHttpResponseCodec.decode(W3CHttpResponseCodec.java:122)
at org.openqa.selenium.remote.http.W3CHttpResponseCodec.decode(W3CHttpResponseCodec.java:49)
at org.openqa.selenium.remote.HttpCommandExecutor.execute(HttpCommandExecutor.java:158)
at org.openqa.selenium.remote.service.DriverCommandExecutor.execute(DriverCommandExecutor.java:83)
at org.openqa.selenium.remote.RemoteWebDriver.execute(RemoteWebDriver.java:552)
at org.openqa.selenium.remote.RemoteWebDriver.get(RemoteWebDriver.java:277)
at com.BaseClass.Base.setUp(Base.java:64)
at com.TestCases.PIMAddEmployeeTest.homePimPage_SetUp(PIMAddEmployeeTest.java:35)
at java.base/jdk.internal.reflect.NativeMethodAccessorImpl.invoke0(Native Method)
at java.base/jdk.internal.reflect.NativeMethodAccessorImpl.invoke(NativeMethodAccessorImpl.java:77)
at java.base/jdk.internal.reflect.DelegatingMethodAccessorImpl.invoke(DelegatingMethodAccessorImpl.java:43)
at java.base/java.lang.reflect.Method.invoke(Method.java:568)
at org.testng.internal.invokers.MethodInvocationHelper.invokeMethod(MethodInvocationHelper.java:139)
at org.testng.internal.invokers.MethodInvocationHelper.invokeMethodConsideringTimeout(MethodInvocationHelper.java:69)
at org.testng.internal.invokers.ConfigInvoker.invokeConfigurationMethod(ConfigInvoker.java:361)
at org.testng.internal.invokers.ConfigInvoker.invokeConfigurations(ConfigInvoker.java:296)
at org.testng.internal.invokers.TestInvoker.runConfigMethods(TestInvoker.java:816)
at org.testng.internal.invokers.TestInvoker.invokeMethod(TestInvoker.java:590)
at org.testng.internal.invokers.TestInvoker.invokeTestMethod(TestInvoker.java:221)
at org.testng.internal.invokers.MethodRunner.runInSequence(MethodRunner.java:50)
at org.testng.internal.invokers.TestInvoker$MethodInvocationAgent.invoke(TestInvoker.java:962)
at org.testng.internal.invokers.TestInvoker.invokeTestMethods(TestInvoker.java:194)
at org.testng.internal.invokers.TestMethodWorker.invokeTestMethods(TestMethodWorker.java:148)
at org.testng.internal.invokers.TestMethodWorker.run(TestMethodWorker.java:128)
at java.base/java.util.ArrayList.forEach(ArrayList.java:1511)
at org.testng.TestRunner.privateRun(TestRunner.java:806)
at org.testng.TestRunner.run(TestRunner.java:601)
at org.testng.SuiteRunner.runTest(SuiteRunner.java:433)
at org.testng.SuiteRunner.runSequentially(SuiteRunner.java:427)
at org.testng.SuiteRunner.privateRun(SuiteRunner.java:387)
at org.testng.SuiteRunner.run(SuiteRunner.java:330)
at org.testng.SuiteRunnerWorker.runSuite(SuiteRunnerWorker.java:52)
at org.testng.SuiteRunnerWorker.run(SuiteRunnerWorker.java:95)
at org.testng.TestNG.runSuitesSequentially(TestNG.java:1256)
at org.testng.TestNG.runSuitesLocally(TestNG.java:1176)
at org.testng.TestNG.runSuites(TestNG.java:1099)
at org.testng.TestNG.run(TestNG.java:1067)
at org.testng.remote.AbstractRemoteTestNG.run(AbstractRemoteTestNG.java:115)
at org.testng.remote.RemoteTestNG.initAndRun(RemoteTestNG.java:251)
at org.testng.remote.RemoteTestNG.main(RemoteTestNG.java:77)
]]>
            </full-stacktrace>
          </exception> <!-- org.openqa.selenium.TimeoutException -->
          <reporter-output>
          </reporter-output>
        </test-method> <!-- addEmployee_CreateEmployee_Test -->
        <test-method is-config="true" signature="homePimPage_TearDown()[pri:0, instance:com.TestCases.PIMAddEmployeeTest@55a147cc]" started-at="2023-02-13T12:30:52 IST" name="homePimPage_TearDown" finished-at="2023-02-13T12:30:52 IST" duration-ms="0" status="SKIP">
          <reporter-output>
          </reporter-output>
        </test-method> <!-- homePimPage_TearDown -->
      </class> <!-- com.TestCases.PIMAddEmployeeTest -->
      <class name="com.TestCases.HomePIMPageTest">
        <test-method is-config="true" signature="homePimPage_SetUp()[pri:0, instance:com.TestCases.HomePIMPageTest@6574a52c]" started-at="2023-02-13T12:28:13 IST" name="homePimPage_SetUp" finished-at="2023-02-13T12:28:29 IST" duration-ms="15836" status="PASS">
          <reporter-output>
          </reporter-output>
        </test-method> <!-- homePimPage_SetUp -->
        <test-method signature="pimPage_CurrentURL_Test()[pri:1, instance:com.TestCases.HomePIMPageTest@6574a52c]" started-at="2023-02-13T12:28:29 IST" name="pimPage_CurrentURL_Test" description="HomePIMPage Current Url Validation" finished-at="2023-02-13T12:28:29 IST" duration-ms="16" status="PASS">
          <reporter-output>
          </reporter-output>
        </test-method> <!-- pimPage_CurrentURL_Test -->
        <test-method is-config="true" signature="homePimPage_TearDown()[pri:0, instance:com.TestCases.HomePIMPageTest@6574a52c]" started-at="2023-02-13T12:28:29 IST" name="homePimPage_TearDown" finished-at="2023-02-13T12:28:32 IST" duration-ms="3288" status="PASS">
          <reporter-output>
          </reporter-output>
        </test-method> <!-- homePimPage_TearDown -->
        <test-method is-config="true" signature="homePimPage_SetUp()[pri:0, instance:com.TestCases.HomePIMPageTest@6574a52c]" started-at="2023-02-13T12:28:32 IST" name="homePimPage_SetUp" finished-at="2023-02-13T12:28:45 IST" duration-ms="13301" status="PASS">
          <reporter-output>
          </reporter-output>
        </test-method> <!-- homePimPage_SetUp -->
        <test-method signature="pimPage_Label_Test()[pri:2, instance:com.TestCases.HomePIMPageTest@6574a52c]" started-at="2023-02-13T12:28:45 IST" name="pimPage_Label_Test" description="HomePimPage pimPage_Label Validation" finished-at="2023-02-13T12:28:46 IST" duration-ms="750" status="PASS">
          <reporter-output>
          </reporter-output>
        </test-method> <!-- pimPage_Label_Test -->
        <test-method is-config="true" signature="homePimPage_TearDown()[pri:0, instance:com.TestCases.HomePIMPageTest@6574a52c]" started-at="2023-02-13T12:28:46 IST" name="homePimPage_TearDown" finished-at="2023-02-13T12:28:48 IST" duration-ms="2231" status="PASS">
          <reporter-output>
          </reporter-output>
        </test-method> <!-- homePimPage_TearDown -->
        <test-method is-config="true" signature="homePimPage_SetUp()[pri:0, instance:com.TestCases.HomePIMPageTest@6574a52c]" started-at="2023-02-13T12:28:48 IST" name="homePimPage_SetUp" finished-at="2023-02-13T12:29:07 IST" duration-ms="18984" status="PASS">
          <reporter-output>
          </reporter-output>
        </test-method> <!-- homePimPage_SetUp -->
        <test-method signature="pimEmployeeList_Test()[pri:3, instance:com.TestCases.HomePIMPageTest@6574a52c]" started-at="2023-02-13T12:29:07 IST" name="pimEmployeeList_Test" description="HomePimPage pimEmployeeList Validation Test" finished-at="2023-02-13T12:29:09 IST" duration-ms="1655" status="PASS">
          <reporter-output>
          </reporter-output>
        </test-method> <!-- pimEmployeeList_Test -->
        <test-method is-config="true" signature="homePimPage_TearDown()[pri:0, instance:com.TestCases.HomePIMPageTest@6574a52c]" started-at="2023-02-13T12:29:09 IST" name="homePimPage_TearDown" finished-at="2023-02-13T12:29:14 IST" duration-ms="4608" status="PASS">
          <reporter-output>
          </reporter-output>
        </test-method> <!-- homePimPage_TearDown -->
        <test-method is-config="true" signature="homePimPage_SetUp()[pri:0, instance:com.TestCases.HomePIMPageTest@6574a52c]" started-at="2023-02-13T12:29:14 IST" name="homePimPage_SetUp" finished-at="2023-02-13T12:29:25 IST" duration-ms="11904" status="PASS">
          <reporter-output>
          </reporter-output>
        </test-method> <!-- homePimPage_SetUp -->
        <test-method signature="pimAddEmployeeList_Test()[pri:4, instance:com.TestCases.HomePIMPageTest@6574a52c]" started-at="2023-02-13T12:29:25 IST" name="pimAddEmployeeList_Test" description="HomePimPage pimAddEmployee Validation Test" finished-at="2023-02-13T12:29:27 IST" duration-ms="1726" status="PASS">
          <reporter-output>
          </reporter-output>
        </test-method> <!-- pimAddEmployeeList_Test -->
        <test-method is-config="true" signature="homePimPage_TearDown()[pri:0, instance:com.TestCases.HomePIMPageTest@6574a52c]" started-at="2023-02-13T12:29:27 IST" name="homePimPage_TearDown" finished-at="2023-02-13T12:29:30 IST" duration-ms="2474" status="PASS">
          <reporter-output>
          </reporter-output>
        </test-method> <!-- homePimPage_TearDown -->
        <test-method is-config="true" signature="homePimPage_SetUp()[pri:0, instance:com.TestCases.HomePIMPageTest@6574a52c]" started-at="2023-02-13T12:29:30 IST" name="homePimPage_SetUp" finished-at="2023-02-13T12:29:45 IST" duration-ms="15309" status="PASS">
          <reporter-output>
          </reporter-output>
        </test-method> <!-- homePimPage_SetUp -->
        <test-method signature="pimReports_Test()[pri:5, instance:com.TestCases.HomePIMPageTest@6574a52c]" started-at="2023-02-13T12:29:45 IST" name="pimReports_Test" description="HomePimPage pimReports Validation Test" finished-at="2023-02-13T12:29:45 IST" duration-ms="11" status="PASS">
          <reporter-output>
          </reporter-output>
        </test-method> <!-- pimReports_Test -->
        <test-method is-config="true" signature="homePimPage_TearDown()[pri:0, instance:com.TestCases.HomePIMPageTest@6574a52c]" started-at="2023-02-13T12:29:45 IST" name="homePimPage_TearDown" finished-at="2023-02-13T12:29:48 IST" duration-ms="2679" status="PASS">
          <reporter-output>
          </reporter-output>
        </test-method> <!-- homePimPage_TearDown -->
        <test-method is-config="true" signature="homePimPage_SetUp()[pri:0, instance:com.TestCases.HomePIMPageTest@6574a52c]" started-at="2023-02-13T12:29:48 IST" name="homePimPage_SetUp" finished-at="2023-02-13T12:30:14 IST" duration-ms="26596" status="PASS">
          <reporter-output>
          </reporter-output>
        </test-method> <!-- homePimPage_SetUp -->
        <test-method signature="pimConfigurationOptionalFields_Test()[pri:6, instance:com.TestCases.HomePIMPageTest@6574a52c]" started-at="2023-02-13T12:30:14 IST" name="pimConfigurationOptionalFields_Test" description="HomePimPage ConfigurationOptionalFields Validation Test" finished-at="2023-02-13T12:30:17 IST" duration-ms="2623" status="PASS">
          <reporter-output>
          </reporter-output>
        </test-method> <!-- pimConfigurationOptionalFields_Test -->
        <test-method is-config="true" signature="homePimPage_TearDown()[pri:0, instance:com.TestCases.HomePIMPageTest@6574a52c]" started-at="2023-02-13T12:30:17 IST" name="homePimPage_TearDown" finished-at="2023-02-13T12:30:20 IST" duration-ms="3552" status="PASS">
          <reporter-output>
          </reporter-output>
        </test-method> <!-- homePimPage_TearDown -->
      </class> <!-- com.TestCases.HomePIMPageTest -->
      <class name="com.TestCases.SendPasswordResetPageTest">
        <test-method is-config="true" signature="resetPasswordPage_SetUp()[pri:0, instance:com.TestCases.SendPasswordResetPageTest@13e344d]" started-at="2023-02-13T12:23:51 IST" name="resetPasswordPage_SetUp" finished-at="2023-02-13T12:24:01 IST" duration-ms="9810" status="PASS">
          <reporter-output>
          </reporter-output>
        </test-method> <!-- resetPasswordPage_SetUp -->
        <test-method signature="sendPasswordResetPageCurrentUrlTest()[pri:1, instance:com.TestCases.SendPasswordResetPageTest@13e344d]" started-at="2023-02-13T12:24:01 IST" name="sendPasswordResetPageCurrentUrlTest" description="SendPasswordResetPage Current Url validation" finished-at="2023-02-13T12:24:03 IST" duration-ms="1374" status="PASS">
          <reporter-output>
          </reporter-output>
        </test-method> <!-- sendPasswordResetPageCurrentUrlTest -->
        <test-method is-config="true" signature="resetPasswordPage_TearDown()[pri:0, instance:com.TestCases.SendPasswordResetPageTest@13e344d]" started-at="2023-02-13T12:24:03 IST" name="resetPasswordPage_TearDown" finished-at="2023-02-13T12:24:03 IST" duration-ms="369" status="PASS">
          <reporter-output>
          </reporter-output>
        </test-method> <!-- resetPasswordPage_TearDown -->
        <test-method is-config="true" signature="resetPasswordPage_SetUp()[pri:0, instance:com.TestCases.SendPasswordResetPageTest@13e344d]" started-at="2023-02-13T12:24:03 IST" name="resetPasswordPage_SetUp" finished-at="2023-02-13T12:24:16 IST" duration-ms="12541" status="PASS">
          <reporter-output>
          </reporter-output>
        </test-method> <!-- resetPasswordPage_SetUp -->
        <test-method signature="sendPasswordRestTest()[pri:2, instance:com.TestCases.SendPasswordResetPageTest@13e344d]" started-at="2023-02-13T12:24:16 IST" name="sendPasswordRestTest" description="SendPasswordRestPage Text Validation" finished-at="2023-02-13T12:24:18 IST" duration-ms="2353" status="PASS">
          <reporter-output>
          </reporter-output>
        </test-method> <!-- sendPasswordRestTest -->
        <test-method is-config="true" signature="resetPasswordPage_TearDown()[pri:0, instance:com.TestCases.SendPasswordResetPageTest@13e344d]" started-at="2023-02-13T12:24:18 IST" name="resetPasswordPage_TearDown" finished-at="2023-02-13T12:24:19 IST" duration-ms="656" status="PASS">
          <reporter-output>
          </reporter-output>
        </test-method> <!-- resetPasswordPage_TearDown -->
      </class> <!-- com.TestCases.SendPasswordResetPageTest -->
      <class name="com.TestCases.ResetPasswordTest">
        <test-method is-config="true" signature="resetPasswordPage_SetUp()[pri:0, instance:com.TestCases.ResetPasswordTest@45099dd3]" started-at="2023-02-13T12:23:12 IST" name="resetPasswordPage_SetUp" finished-at="2023-02-13T12:23:20 IST" duration-ms="8085" status="PASS">
          <reporter-output>
          </reporter-output>
        </test-method> <!-- resetPasswordPage_SetUp -->
        <test-method signature="resetPasswordPage_ResetPasswordTextTest()[pri:1, instance:com.TestCases.ResetPasswordTest@45099dd3]" started-at="2023-02-13T12:23:20 IST" name="resetPasswordPage_ResetPasswordTextTest" description="ResetPasswordPage ResetPassword Text Test " finished-at="2023-02-13T12:23:21 IST" duration-ms="417" status="PASS">
          <reporter-output>
          </reporter-output>
        </test-method> <!-- resetPasswordPage_ResetPasswordTextTest -->
        <test-method is-config="true" signature="resetPasswordPage_TearDown()[pri:0, instance:com.TestCases.ResetPasswordTest@45099dd3]" started-at="2023-02-13T12:23:21 IST" name="resetPasswordPage_TearDown" finished-at="2023-02-13T12:23:21 IST" duration-ms="515" status="PASS">
          <reporter-output>
          </reporter-output>
        </test-method> <!-- resetPasswordPage_TearDown -->
        <test-method is-config="true" signature="resetPasswordPage_SetUp()[pri:0, instance:com.TestCases.ResetPasswordTest@45099dd3]" started-at="2023-02-13T12:23:21 IST" name="resetPasswordPage_SetUp" finished-at="2023-02-13T12:23:30 IST" duration-ms="8298" status="PASS">
          <reporter-output>
          </reporter-output>
        </test-method> <!-- resetPasswordPage_SetUp -->
        <test-method signature="resetPasswordPage_CurrentUrlTest()[pri:2, instance:com.TestCases.ResetPasswordTest@45099dd3]" started-at="2023-02-13T12:23:30 IST" name="resetPasswordPage_CurrentUrlTest" description="ResetPasswordPage CurrentUrl" finished-at="2023-02-13T12:23:30 IST" duration-ms="30" status="PASS">
          <reporter-output>
          </reporter-output>
        </test-method> <!-- resetPasswordPage_CurrentUrlTest -->
        <test-method is-config="true" signature="resetPasswordPage_TearDown()[pri:0, instance:com.TestCases.ResetPasswordTest@45099dd3]" started-at="2023-02-13T12:23:30 IST" name="resetPasswordPage_TearDown" finished-at="2023-02-13T12:23:30 IST" duration-ms="349" status="PASS">
          <reporter-output>
          </reporter-output>
        </test-method> <!-- resetPasswordPage_TearDown -->
        <test-method is-config="true" signature="resetPasswordPage_SetUp()[pri:0, instance:com.TestCases.ResetPasswordTest@45099dd3]" started-at="2023-02-13T12:23:30 IST" name="resetPasswordPage_SetUp" finished-at="2023-02-13T12:23:38 IST" duration-ms="7588" status="PASS">
          <reporter-output>
          </reporter-output>
        </test-method> <!-- resetPasswordPage_SetUp -->
        <test-method signature="resetPasswordPage_EnterUserName_CancelTest()[pri:3, instance:com.TestCases.ResetPasswordTest@45099dd3]" started-at="2023-02-13T12:23:38 IST" name="resetPasswordPage_EnterUserName_CancelTest" description="ResetPasswordPage CancelButton Test" finished-at="2023-02-13T12:23:40 IST" duration-ms="2353" status="PASS">
          <reporter-output>
          </reporter-output>
        </test-method> <!-- resetPasswordPage_EnterUserName_CancelTest -->
        <test-method is-config="true" signature="resetPasswordPage_TearDown()[pri:0, instance:com.TestCases.ResetPasswordTest@45099dd3]" started-at="2023-02-13T12:23:40 IST" name="resetPasswordPage_TearDown" finished-at="2023-02-13T12:23:41 IST" duration-ms="568" status="PASS">
          <reporter-output>
          </reporter-output>
        </test-method> <!-- resetPasswordPage_TearDown -->
        <test-method is-config="true" signature="resetPasswordPage_SetUp()[pri:0, instance:com.TestCases.ResetPasswordTest@45099dd3]" started-at="2023-02-13T12:23:41 IST" name="resetPasswordPage_SetUp" finished-at="2023-02-13T12:23:50 IST" duration-ms="9706" status="PASS">
          <reporter-output>
          </reporter-output>
        </test-method> <!-- resetPasswordPage_SetUp -->
        <test-method signature="resetPasswordPage_EnterUserName_ResetPasswordTest()[pri:4, instance:com.TestCases.ResetPasswordTest@45099dd3]" started-at="2023-02-13T12:23:50 IST" name="resetPasswordPage_EnterUserName_ResetPasswordTest" description="ResetPasswordPage ResetPassword Button Test" finished-at="2023-02-13T12:23:51 IST" duration-ms="642" status="PASS">
          <reporter-output>
          </reporter-output>
        </test-method> <!-- resetPasswordPage_EnterUserName_ResetPasswordTest -->
        <test-method is-config="true" signature="resetPasswordPage_TearDown()[pri:0, instance:com.TestCases.ResetPasswordTest@45099dd3]" started-at="2023-02-13T12:23:51 IST" name="resetPasswordPage_TearDown" finished-at="2023-02-13T12:23:51 IST" duration-ms="543" status="PASS">
          <reporter-output>
          </reporter-output>
        </test-method> <!-- resetPasswordPage_TearDown -->
      </class> <!-- com.TestCases.ResetPasswordTest -->
    </test> <!-- Test -->
  </suite> <!-- Suite -->
</testng-results>
